<?xml version="1.0" encoding="UTF-8"?>
<!-- Generated by org.testng.reporters.JUnitReportReporter -->
<testsuite hostname="LAPTOP-3MSUA5N1" failures="0" tests="1" name="com.mindtree.Runner.HomeCentreRunner" time="6.694" errors="0" timestamp="2021-10-28T07:53:55 IST" skipped="0">
  <testcase classname="com.mindtree.Runner.HomeCentreRunner" name="runScenario" time="6.694"/>
  <system-out/>
</testsuite> <!-- com.mindtree.Runner.HomeCentreRunner -->
