<?xml version="1.0" encoding="UTF-8"?>
<!-- Generated by org.testng.reporters.JUnitReportReporter -->
<testsuite hostname="LAPTOP-3MSUA5N1" failures="0" tests="1" name="com.mindtree.Runner.HomeCentreRunner" time="23.977" errors="0" timestamp="2021-11-01T19:23:53 IST" skipped="0">
  <testcase classname="com.mindtree.Runner.HomeCentreRunner" name="runScenario" time="23.977"/>
  <system-out/>
</testsuite> <!-- com.mindtree.Runner.HomeCentreRunner -->
